<?xml version="1.0" encoding="UTF-8"?>
<!-- Generated by org.testng.reporters.JUnitReportReporter -->
<testsuite hostname="QT-INBG-LT0707" failures="0" tests="1" name="selenium.signup" time="8.298" errors="0" timestamp="2022-09-19T12:56:53 IST" skipped="0">
  <testcase classname="selenium.signup" name="P" time="8.298"/>
  <system-out/>
</testsuite> <!-- selenium.signup -->
