<?xml version="1.0" encoding="UTF-8"?>
<!-- Generated by org.testng.reporters.JUnitReportReporter -->
<testsuite hostname="QT-INBG-LT0707" failures="0" tests="2" name="day1" time="0.008" errors="0" timestamp="2022-09-12T18:18:26 IST" skipped="0">
  <testcase classname="day1" name="SecondTest" time="0.001"/>
  <system-out/>
  <testcase classname="day1" name="Demo" time="0.007"/>
  <system-out/>
</testsuite> <!-- day1 -->
