<?xml version="1.0" encoding="UTF-8"?>
<!-- Generated by org.testng.reporters.JUnitReportReporter -->
<testsuite hostname="QT-INBG-LT0707" failures="0" tests="1" name="day2" time="0.001" errors="0" timestamp="2022-09-12T18:18:26 IST" skipped="0">
  <testcase classname="day2" name="ploan" time="0.001"/>
  <system-out/>
</testsuite> <!-- day2 -->
