<?xml version="1.0" encoding="UTF-8"?>
<!-- Generated by org.testng.reporters.JUnitReportReporter -->
<testsuite hostname="QT-INBG-LT0707" failures="0" tests="3" name="day3" time="0.002" errors="0" timestamp="2022-09-12T18:18:26 IST" skipped="0">
  <testcase classname="day3" name="MobileLogincarLoan" time="0.001"/>
  <system-out/>
  <testcase classname="day3" name="Weblogin" time="0.000"/>
  <system-out/>
  <testcase classname="day3" name="LoginAPIcarLoan" time="0.001"/>
  <system-out/>
</testsuite> <!-- day3 -->
