<?xml version="1.0" encoding="UTF-8"?>
<!-- Generated by org.testng.reporters.JUnitReportReporter -->
<testsuite hostname="QT-INBG-LT0707" failures="0" tests="1" name="selenium.signin" time="13.885" errors="0" timestamp="2022-09-19T12:56:53 IST" skipped="0">
  <testcase classname="selenium.signin" name="F" time="13.885"/>
  <system-out/>
</testsuite> <!-- selenium.signin -->
